[dotenv@17.2.4] injecting env (22) from .env -- tip: 🔄 add secrets lifecycle management: https://dotenvx.com/ops
RUNNING FILE: C:\Users\User\Desktop\payroll-system\server.js
RAILWAY DETECTED: false
APP TIMEZONE: Asia/Manila
DB SESSION TIMEZONE: +08:00
OK > DATABASE CONNECTED USING LOCAL MYSQL
OK > DB HOST: 127.0.0.1
OK > DB PORT: 3306
OK > ACTIVE DATABASE: payroll_system
OK > SERVER TIME: 2026-06-08 14:59:59
AUTH ROUTES LOADED: login.js (password-route-v3)
OK > Server running on port 12687
OK > Active DB mode: local-mysql
OK > db-test route registered
OK > system_config tables ready
LOGIN API HIT: EMP-001
LOGIN DB CONNECTION OK
LOGIN USER ROWS: 1
LOGIN PASSWORD MATCH: true
LOGIN AUDIT LOG INSERTED
LOGIN SENDING RESPONSE
LOGIN API HIT: ADM-001
LOGIN DB CONNECTION OK
LOGIN USER ROWS: 1
LOGIN PASSWORD MATCH: false
LOGIN API HIT: ADM-001
LOGIN DB CONNECTION OK
LOGIN USER ROWS: 1
LOGIN PASSWORD MATCH: true
LOGIN AUDIT LOG INSERTED
LOGIN SENDING RESPONSE
LOGIN API HIT: admin
LOGIN DB CONNECTION OK
LOGIN USER ROWS: 1
LOGIN PASSWORD MATCH: true
LOGIN AUDIT LOG INSERTED
LOGIN SENDING RESPONSE
LOGIN API HIT: HR-005
LOGIN DB CONNECTION OK
LOGIN USER ROWS: 1
LOGIN PASSWORD MATCH: true
LOGIN AUDIT LOG INSERTED
LOGIN SENDING RESPONSE
LOGIN API HIT: EMP-002
LOGIN DB CONNECTION OK
LOGIN USER ROWS: 1
LOGIN PASSWORD MATCH: true
LOGIN AUDIT LOG INSERTED
LOGIN SENDING RESPONSE
LOGIN API HIT: admin
LOGIN DB CONNECTION OK
LOGIN USER ROWS: 1
LOGIN PASSWORD MATCH: true
LOGIN AUDIT LOG INSERTED
LOGIN SENDING RESPONSE
LOGIN API HIT: admin
LOGIN DB CONNECTION OK
LOGIN USER ROWS: 1
LOGIN PASSWORD MATCH: true
LOGIN AUDIT LOG INSERTED
LOGIN SENDING RESPONSE
LOGIN API HIT: admin
LOGIN DB CONNECTION OK
LOGIN USER ROWS: 1
LOGIN PASSWORD MATCH: true
LOGIN AUDIT LOG INSERTED
LOGIN SENDING RESPONSE
LOGIN API HIT: EMP-001
LOGIN DB CONNECTION OK
LOGIN USER ROWS: 1
LOGIN PASSWORD MATCH: true
LOGIN AUDIT LOG INSERTED
LOGIN SENDING RESPONSE
LOGIN API HIT: admin
LOGIN DB CONNECTION OK
LOGIN USER ROWS: 1
LOGIN PASSWORD MATCH: true
LOGIN AUDIT LOG INSERTED
LOGIN SENDING RESPONSE
LOGIN API HIT: EMP-001
LOGIN DB CONNECTION OK
LOGIN USER ROWS: 1
LOGIN PASSWORD MATCH: true
LOGIN AUDIT LOG INSERTED
LOGIN SENDING RESPONSE
